\BOOKMARK [0][-]{chapter*.2}{\376\377\000S\000e\000z\000n\000a\000m\000\040\000o\000b\000r\000\341\000z\000k\001\157}{}% 1
\BOOKMARK [0][-]{chapter*.3}{\376\377\000S\000e\000z\000n\000a\000m\000\040\000t\000a\000b\000u\000l\000e\000k}{}% 2
\BOOKMARK [0][-]{chapter.1}{\376\377\000Z\000a\000d\000\341\000n\000\355}{}% 3
\BOOKMARK [1][-]{section.1.1}{\376\377\000S\000p\000e\000c\000i\000f\000i\000k\000a\000c\000e\000\040\000p\000a\000r\000k\000o\000v\000i\001\141\000t\001\033}{chapter.1}% 4
\BOOKMARK [1][-]{section.1.2}{\376\377\000S\000p\000e\000c\000i\000f\000i\000k\000a\000c\000e\000\040\000d\000o\000k\000u\000m\000e\000n\000t\000a\000c\000e}{chapter.1}% 5
\BOOKMARK [0][-]{chapter.2}{\376\377\000A\000n\000a\000l\000\375\000z\000a\000\040\000p\000r\000o\000b\000l\000\351\000m\000u}{}% 6
\BOOKMARK [0][-]{chapter.3}{\376\377\000D\000o\000k\000u\000m\000e\000n\000t\000a\000c\000e\000\040\000t\000e\000c\000h\000n\000o\000l\000o\000g\000i\000e}{}% 7
\BOOKMARK [0][-]{chapter.4}{\376\377\000S\000o\000f\000t\000w\000a\000r\000o\000v\000\341\000\040\000a\000n\000a\000l\000\375\000z\000a}{}% 8
\BOOKMARK [1][-]{section.4.1}{\376\377\000O\000b\000e\000c\000n\000\341\000\040\000a\000n\000a\000l\000\375\000z\000a}{chapter.4}% 9
\BOOKMARK [1][-]{section.4.2}{\376\377\000A\000n\000a\000l\000\375\000z\000a\000\040\000s\000t\000r\000u\000k\000t\000u\000r\000y\000\040\000v\000n\001\033\000j\001\141\000\355\000h\000o\000\040\000p\000r\000o\000s\000t\001\131\000e\000d\000\355}{chapter.4}% 10
\BOOKMARK [1][-]{section.4.3}{\376\377\000A\000n\000a\000l\000\375\000z\000a\000\040\000f\000u\000n\000k\000c\000\355}{chapter.4}% 11
\BOOKMARK [1][-]{section.4.4}{\376\377\000A\000n\000a\000l\000\375\000z\000a\000\040\000k\000o\000m\000u\000n\000i\000k\000a\000c\000\355}{chapter.4}% 12
\BOOKMARK [1][-]{section.4.5}{\376\377\000A\000n\000a\000l\000\375\000z\000a\000\040\000d\000o\000k\000u\000m\000e\000n\000t\001\157}{chapter.4}% 13
\BOOKMARK [1][-]{section.4.6}{\376\377\000A\000n\000a\000l\000\375\000z\000a\000\040\000o\000b\000s\000a\000h\000u\000\040\000a\000\040\000s\000t\000r\000u\000k\000t\000u\000r\000y\000\040\000i\000n\000f\000o\000r\000m\000a\000c\000\355}{chapter.4}% 14
\BOOKMARK [1][-]{section.4.7}{\376\377\000A\000n\000a\000l\000\375\000z\000a\000\040\000t\000o\000k\000u\000\040\000i\000n\000f\000o\000r\000m\000a\000c\000\355}{chapter.4}% 15
\BOOKMARK [1][-]{section.4.8}{\376\377\000A\000n\000a\000l\000\375\000z\000a\000\040\000s\000l\000a\000b\000\375\000c\000h\000\040\000m\000\355\000s\000t}{chapter.4}% 16
\BOOKMARK [0][-]{chapter.5}{\376\377\000S\000y\000s\000t\000\351\000m\000o\000v\000\341\000\040\000s\000p\000e\000c\000i\000f\000i\000k\000a\000c\000e}{}% 17
\BOOKMARK [1][-]{section.5.1}{\376\377\000V\000\375\000c\000h\000o\000z\000\355\000\040\000s\000i\000t\000u\000a\000c\000e\000\040\000a\000\040\000c\000\355\000l\000e}{chapter.5}% 18
\BOOKMARK [1][-]{section.5.2}{\376\377\000V\000z\000t\000a\000h\000\040\000o\000k\000o\000l\000\355\000\040\000k\000\040\000p\000r\000o\000v\000o\000z\000o\000v\000\341\000n\000\355\000\040\000s\000y\000s\000t\000\351\000m\000u}{chapter.5}% 19
\BOOKMARK [1][-]{section.5.3}{\376\377\000F\000u\000n\000k\001\015\000n\000\355\000\040\000p\000o\001\176\000a\000d\000a\000v\000k\000y}{chapter.5}% 20
\BOOKMARK [1][-]{section.5.4}{\376\377\000N\000e\000f\000u\000n\000k\001\015\000n\000\355\000\040\000\050\000o\000s\000t\000a\000t\000n\000\355\000\051\000\040\000p\000o\001\176\000a\000d\000a\000v\000k\000y}{chapter.5}% 21
\BOOKMARK [1][-]{section.5.5}{\376\377\000U\001\176\000i\000v\000a\000t\000e\000l\000s\000k\000\341\000\040\000r\000o\000z\000h\000r\000a\000n\000\355}{chapter.5}% 22
\BOOKMARK [1][-]{section.5.6}{\376\377\000C\000h\000o\000v\000\341\000n\000\355\000\040\000z\000a\000\040\000c\000h\000y\000b\000o\000v\000\375\000c\000h\000\040\000s\000i\000t\000u\000a\000c\000\355}{chapter.5}% 23
\BOOKMARK [1][-]{section.5.7}{\376\377\000P\000o\001\176\000a\000d\000a\000v\000k\000y\000\040\000n\000a\000\040\000d\000o\000k\000u\000m\000e\000n\000t\000a\000c\000i}{chapter.5}% 24
\BOOKMARK [1][-]{section.5.8}{\376\377\000P\001\131\000e\000d\000\341\000v\000a\000c\000\355\000\040\000p\000o\000d\000m\000\355\000n\000k\000y}{chapter.5}% 25
\BOOKMARK [1][-]{section.5.9}{\376\377\000P\001\131\000\355\000l\000o\000h\000y}{chapter.5}% 26
\BOOKMARK [0][-]{chapter.6}{\376\377\000U\000M\000L\000\040\000a\000n\000a\000l\000\375\000z\000a}{}% 27
\BOOKMARK [0][-]{chapter.7}{\376\377\000Z\000\341\000v\001\033\000r}{}% 28
\BOOKMARK [0][-]{chapter*.5}{\376\377\000L\000i\000t\000e\000r\000a\000t\000u\000r\000a}{}% 29
\BOOKMARK [0][-]{chapter.8}{\376\377\000P\001\131\000\355\000l\000o\000h\000y}{}% 30
