This is pdfTeX, Version 3.141592653-2.6-1.40.22 (TeX Live 2021/W32TeX) (preloaded format=pdflatex 2022.8.7)  26 NOV 2022 21:00
entering extended mode
 restricted \write18 enabled.
 file:line:error style messages enabled.
 %&-line parsing enabled.
**"d:/OneDrive - VSB-TUO/VSB/ING/RSsP/Projekt/LaTex-26-11/Projekt.tex"
(d:/OneDrive - VSB-TUO/VSB/ING/RSsP/Projekt/LaTex-26-11/Projekt.tex
LaTeX2e <2020-10-01> patch level 4
L3 programming layer <2021-02-18> (d:/OneDrive - VSB-TUO/VSB/ING/RSsP/Projekt/LaTex-26-11/diploma.cls
Document Class: diploma 2021/04/22 5.02 diploma LaTeX document class
(e:/texlive/2021/texmf-dist/tex/latex/base/ifthen.sty
Package: ifthen 2014/09/29 v1.1c Standard LaTeX ifthen package (DPC)
) (e:/texlive/2021/texmf-dist/tex/latex/base/inputenc.sty
Package: inputenc 2020/08/01 v1.3d Input encoding file
\inpenc@prehook=\toks15
\inpenc@posthook=\toks16
)
\Dipl@ThesisAuthor=\toks17
\Dipl@ThesisSupervisor=\toks18
\Dipl@CzechThesisTitle=\toks19
\Dipl@EnglishThesisTitle=\toks20
\Dipl@SubmissionYear=\toks21
\Dipl@Acknowledgement=\toks22
\Dipl@CzechAbstract=\toks23
\Dipl@CzechKeywords=\toks24
\Dipl@EnglishAbstract=\toks25
\Dipl@EnglishKeywords=\toks26
\Dipl@Acronyms=\toks27
\Dipl@BabelLanguageOptions=\toks28
\Dipl@ThesisCaption=\toks29
\Dipl@SupervisorCaption=\toks30
\Dipl@FacultyLogoFileName=\toks31
\Dipl@CzechAbstractCaption=\toks32
\Dipl@EnglishAbstractCaption=\toks33
\c@Dipl@CurrentThesisType=\count179
\c@Dipl@CurrentThesisLanguage=\count180
 (e:/texlive/2021/texmf-dist/tex/latex/base/book.cls
Document Class: book 2020/04/10 v1.4m Standard LaTeX document class
(e:/texlive/2021/texmf-dist/tex/latex/base/bk11.clo
File: bk11.clo 2020/04/10 v1.4m Standard LaTeX file (size option)
)
\c@part=\count181
\c@chapter=\count182
\c@section=\count183
\c@subsection=\count184
\c@subsubsection=\count185
\c@paragraph=\count186
\c@subparagraph=\count187
\c@figure=\count188
\c@table=\count189
\abovecaptionskip=\skip47
\belowcaptionskip=\skip48
\bibindent=\dimen138
) (e:/texlive/2021/texmf-dist/tex/latex/base/fontenc.sty
Package: fontenc 2020/08/10 v2.0s Standard LaTeX package
) (e:/texlive/2021/texmf-dist/tex/latex/psnfss/palatino.sty
Package: palatino 2020/03/25 PSNFSS-v9.3 (SPQR) 
) (e:/texlive/2021/texmf-dist/tex/latex/geometry/geometry.sty
Package: geometry 2020/01/02 v5.9 Page Geometry
 (e:/texlive/2021/texmf-dist/tex/latex/graphics/keyval.sty
Package: keyval 2014/10/28 v1.15 key=value parser (DPC)
\KV@toks@=\toks34
) (e:/texlive/2021/texmf-dist/tex/generic/iftex/ifvtex.sty
Package: ifvtex 2019/10/25 v1.7 ifvtex legacy package. Use iftex instead.
 (e:/texlive/2021/texmf-dist/tex/generic/iftex/iftex.sty
Package: iftex 2020/03/06 v1.0d TeX engine tests
))
\Gm@cnth=\count190
\Gm@cntv=\count191
\c@Gm@tempcnt=\count192
\Gm@bindingoffset=\dimen139
\Gm@wd@mp=\dimen140
\Gm@odd@mp=\dimen141
\Gm@even@mp=\dimen142
\Gm@layoutwidth=\dimen143
\Gm@layoutheight=\dimen144
\Gm@layouthoffset=\dimen145
\Gm@layoutvoffset=\dimen146
\Gm@dimlist=\toks35
) (e:/texlive/2021/texmf-dist/tex/latex/booktabs/booktabs.sty
Package: booktabs 2020/01/12 v1.61803398 Publication quality tables
\heavyrulewidth=\dimen147
\lightrulewidth=\dimen148
\cmidrulewidth=\dimen149
\belowrulesep=\dimen150
\belowbottomsep=\dimen151
\aboverulesep=\dimen152
\abovetopsep=\dimen153
\cmidrulesep=\dimen154
\cmidrulekern=\dimen155
\defaultaddspace=\dimen156
\@cmidla=\count193
\@cmidlb=\count194
\@aboverulesep=\dimen157
\@belowrulesep=\dimen158
\@thisruleclass=\count195
\@lastruleclass=\count196
\@thisrulewidth=\dimen159
) (e:/texlive/2021/texmf-dist/tex/latex/graphics/graphicx.sty
Package: graphicx 2020/09/09 v1.2b Enhanced LaTeX Graphics (DPC,SPQR)
 (e:/texlive/2021/texmf-dist/tex/latex/graphics/graphics.sty
Package: graphics 2020/08/30 v1.4c Standard LaTeX Graphics (DPC,SPQR)
 (e:/texlive/2021/texmf-dist/tex/latex/graphics/trig.sty
Package: trig 2016/01/03 v1.10 sin cos tan (DPC)
) (e:/texlive/2021/texmf-dist/tex/latex/graphics-cfg/graphics.cfg
File: graphics.cfg 2016/06/04 v1.11 sample graphics configuration
)
Package graphics Info: Driver file: pdftex.def on input line 105.
 (e:/texlive/2021/texmf-dist/tex/latex/graphics-def/pdftex.def
File: pdftex.def 2020/10/05 v1.2a Graphics/color driver for pdftex
))
\Gin@req@height=\dimen160
\Gin@req@width=\dimen161
) (e:/texlive/2021/texmf-dist/tex/latex/tools/longtable.sty
Package: longtable 2020/01/07 v4.13 Multi-page Table package (DPC)
\LTleft=\skip49
\LTright=\skip50
\LTpre=\skip51
\LTpost=\skip52
\LTchunksize=\count197
\LTcapwidth=\dimen162
\LT@head=\box47
\LT@firsthead=\box48
\LT@foot=\box49
\LT@lastfoot=\box50
\LT@cols=\count198
\LT@rows=\count199
\c@LT@tables=\count266
\c@LT@chunks=\count267
\LT@p@ftn=\toks36
) (e:/texlive/2021/texmf-dist/tex/latex/caption/caption.sty
Package: caption 2020/10/26 v3.5g Customizing captions (AR)
 (e:/texlive/2021/texmf-dist/tex/latex/caption/caption3.sty
Package: caption3 2020/10/21 v2.2e caption3 kernel (AR)
\captionmargin=\dimen163
\captionmargin@=\dimen164
\captionwidth=\dimen165
\caption@tempdima=\dimen166
\caption@indent=\dimen167
\caption@parindent=\dimen168
\caption@hangindent=\dimen169
Package caption Info: Standard document class detected.
)
\c@caption@flags=\count268
\c@continuedfloat=\count269
Package caption Info: longtable package is loaded.
 (e:/texlive/2021/texmf-dist/tex/latex/caption/ltcaption.sty
Package: ltcaption 2020/05/30 v1.4b longtable captions (AR)
)) (e:/texlive/2021/texmf-dist/tex/latex/graphics/rotating.sty
Package: rotating 2016/08/11 v2.16d rotated objects in LaTeX
\c@r@tfl@t=\count270
\rotFPtop=\skip53
\rotFPbot=\skip54
\rot@float@box=\box51
\rot@mess@toks=\toks37
) (e:/texlive/2021/texmf-dist/tex/latex/setspace/setspace.sty
Package: setspace 2011/12/19 v6.7a set line spacing
) (e:/texlive/2021/texmf-dist/tex/latex/tools/theorem.sty
Package: theorem 2014/10/28 v2.2c Theorem extension package (FMi)
\theorem@style=\toks38
\theorem@bodyfont=\toks39
\theorempreskipamount=\skip55
\theorempostskipamount=\skip56
 (e:/texlive/2021/texmf-dist/tex/latex/tools/thp.sty
File: thp.sty 2014/10/28 v2.2c Theorem extension package (FMi)
)) (e:/texlive/2021/texmf-dist/tex/latex/titlesec/titlesec.sty
Package: titlesec 2019/10/16 v2.13 Sectioning titles
\ttl@box=\box52
\beforetitleunit=\skip57
\aftertitleunit=\skip58
\ttl@plus=\dimen170
\ttl@minus=\dimen171
\ttl@toksa=\toks40
\titlewidth=\dimen172
\titlewidthlast=\dimen173
\titlewidthfirst=\dimen174
) (e:/texlive/2021/texmf-dist/tex/latex/tocbibind/tocbibind.sty
Package: tocbibind 2010/10/13 v1.5k extra ToC listings
Package tocbibind Info: The document has chapter divisions on input line 50.


Package tocbibind Note: Using chapter style headings, unless overridden.

) (e:/texlive/2021/texmf-dist/tex/latex/xcolor/xcolor.sty
Package: xcolor 2016/05/11 v2.12 LaTeX color extensions (UK)
 (e:/texlive/2021/texmf-dist/tex/latex/graphics-cfg/color.cfg
File: color.cfg 2016/01/02 v1.6 sample color configuration
)
Package xcolor Info: Driver file: pdftex.def on input line 225.
Package xcolor Info: Model `cmy' substituted by `cmy0' on input line 1348.
Package xcolor Info: Model `hsb' substituted by `rgb' on input line 1352.
Package xcolor Info: Model `RGB' extended on input line 1364.
Package xcolor Info: Model `HTML' substituted by `rgb' on input line 1366.
Package xcolor Info: Model `Hsb' substituted by `hsb' on input line 1367.
Package xcolor Info: Model `tHsb' substituted by `hsb' on input line 1368.
Package xcolor Info: Model `HSB' substituted by `hsb' on input line 1369.
Package xcolor Info: Model `Gray' substituted by `gray' on input line 1370.
Package xcolor Info: Model `wave' substituted by `hsb' on input line 1371.
) (e:/texlive/2021/texmf-dist/tex/latex/pdfx/pdfx.sty
Package: pdfx 2019/02/27 v1.6.3 PDF/X and PDF/A support (CVR/HTH/RRM/PS)
\pdfx@minorversion=\count271
 (e:/texlive/2021/texmf-dist/tex/generic/iftex/ifpdf.sty
Package: ifpdf 2019/10/25 v3.4 ifpdf legacy package. Use iftex instead.
) (e:/texlive/2021/texmf-dist/tex/generic/iftex/ifxetex.sty
Package: ifxetex 2019/10/25 v0.7 ifxetex legacy package. Use iftex instead.
) (e:/texlive/2021/texmf-dist/tex/latex/base/everyshi-ltx.sty
Package: everyshi-ltx 2020/08/17 v1.0a Emulation of the original everyshi package
with kernel methods
) (e:/texlive/2021/texmf-dist/tex/generic/iftex/ifluatex.sty
Package: ifluatex 2019/10/25 v1.5 ifluatex legacy package. Use iftex instead.
){e:/texlive/2021/texmf-var/fonts/map/pdftex/updmap/pdftex.map} (e:/texlive/2021/texmf-dist/tex/latex/pdfx/l8u-penc.def
File: l8u-penc.def 2017/06/23 v0.8 Custom LaTeX file, for UTF8 encoded letters and symbols
LaTeX Info: Composite with undeclared \b in encoding L8U on input line 278.
)
\pdfxsafeforxmp@toks=\toks41
\pdfx@tmptoks=\toks42
 (e:/texlive/2021/texmf-dist/tex/latex/hyperref/hyperref.sty
Package: hyperref 2021-02-27 v7.00k Hypertext links for LaTeX
 (e:/texlive/2021/texmf-dist/tex/generic/ltxcmds/ltxcmds.sty
Package: ltxcmds 2020-05-10 v1.25 LaTeX kernel commands for general use (HO)
) (e:/texlive/2021/texmf-dist/tex/generic/pdftexcmds/pdftexcmds.sty
Package: pdftexcmds 2020-06-27 v0.33 Utility functions of pdfTeX for LuaTeX (HO)
 (e:/texlive/2021/texmf-dist/tex/generic/infwarerr/infwarerr.sty
Package: infwarerr 2019/12/03 v1.5 Providing info/warning/error messages (HO)
)
Package pdftexcmds Info: \pdf@primitive is available.
Package pdftexcmds Info: \pdf@ifprimitive is available.
Package pdftexcmds Info: \pdfdraftmode found.
) (e:/texlive/2021/texmf-dist/tex/generic/kvsetkeys/kvsetkeys.sty
Package: kvsetkeys 2019/12/15 v1.18 Key value parser (HO)
) (e:/texlive/2021/texmf-dist/tex/generic/kvdefinekeys/kvdefinekeys.sty
Package: kvdefinekeys 2019-12-19 v1.6 Define keys (HO)
) (e:/texlive/2021/texmf-dist/tex/generic/pdfescape/pdfescape.sty
Package: pdfescape 2019/12/09 v1.15 Implements pdfTeX's escape features (HO)
) (e:/texlive/2021/texmf-dist/tex/latex/hycolor/hycolor.sty
Package: hycolor 2020-01-27 v1.10 Color options for hyperref/bookmark (HO)
) (e:/texlive/2021/texmf-dist/tex/latex/letltxmacro/letltxmacro.sty
Package: letltxmacro 2019/12/03 v1.6 Let assignment for LaTeX macros (HO)
) (e:/texlive/2021/texmf-dist/tex/latex/auxhook/auxhook.sty
Package: auxhook 2019-12-17 v1.6 Hooks for auxiliary files (HO)
) (e:/texlive/2021/texmf-dist/tex/latex/kvoptions/kvoptions.sty
Package: kvoptions 2020-10-07 v3.14 Key value format for package options (HO)
)
\@linkdim=\dimen175
\Hy@linkcounter=\count272
\Hy@pagecounter=\count273
 (e:/texlive/2021/texmf-dist/tex/latex/hyperref/pd1enc.def
File: pd1enc.def 2021-02-27 v7.00k Hyperref: PDFDocEncoding definition (HO)
) (e:/texlive/2021/texmf-dist/tex/latex/hyperref/hyperref-langpatches.def
File: hyperref-langpatches.def 2021-02-27 v7.00k Hyperref: patches for babel languages
) (e:/texlive/2021/texmf-dist/tex/generic/intcalc/intcalc.sty
Package: intcalc 2019/12/15 v1.3 Expandable calculations with integers (HO)
) (e:/texlive/2021/texmf-dist/tex/generic/etexcmds/etexcmds.sty
Package: etexcmds 2019/12/15 v1.7 Avoid name clashes with e-TeX commands (HO)
)
\Hy@SavedSpaceFactor=\count274
 (e:/texlive/2021/texmf-dist/tex/latex/hyperref/puenc.def
File: puenc.def 2021-02-27 v7.00k Hyperref: PDF Unicode definition (HO)
)
Package hyperref Info: Option `pdfa' set `true' on input line 4073.
Package hyperref Info: Hyper figures OFF on input line 4192.
Package hyperref Info: Link nesting OFF on input line 4197.
Package hyperref Info: Hyper index ON on input line 4200.
Package hyperref Info: Plain pages OFF on input line 4207.
Package hyperref Info: Backreferencing OFF on input line 4212.
Package hyperref Info: Implicit mode ON; LaTeX internals redefined.
Package hyperref Info: Bookmarks ON on input line 4445.
\c@Hy@tempcnt=\count275
 (e:/texlive/2021/texmf-dist/tex/latex/url/url.sty
\Urlmuskip=\muskip16
Package: url 2013/09/16  ver 3.4  Verb mode for urls, etc.
)
LaTeX Info: Redefining \url on input line 4804.
\XeTeXLinkMargin=\dimen176
 (e:/texlive/2021/texmf-dist/tex/generic/bitset/bitset.sty
Package: bitset 2019/12/09 v1.3 Handle bit-vector datatype (HO)
 (e:/texlive/2021/texmf-dist/tex/generic/bigintcalc/bigintcalc.sty
Package: bigintcalc 2019/12/15 v1.5 Expandable calculations on big integers (HO)
))
\Fld@menulength=\count276
\Field@Width=\dimen177
\Fld@charsize=\dimen178
Package hyperref Info: Hyper figures OFF on input line 6075.
Package hyperref Info: Link nesting OFF on input line 6080.
Package hyperref Info: Hyper index ON on input line 6083.
Package hyperref Info: backreferencing OFF on input line 6090.
Package hyperref Info: Link coloring OFF on input line 6095.
Package hyperref Info: Link coloring with OCG OFF on input line 6100.
Package hyperref Info: PDF/A mode ON on input line 6103.
LaTeX Info: Redefining \ref on input line 6145.
LaTeX Info: Redefining \pageref on input line 6149.
 (e:/texlive/2021/texmf-dist/tex/latex/base/atbegshi-ltx.sty
Package: atbegshi-ltx 2020/08/17 v1.0a Emulation of the original atbegshi package
with kernel methods
)
\Hy@abspage=\count277
\c@Item=\count278
\c@Hfootnote=\count279
)
Package hyperref Info: Driver: hpdftex.
 (e:/texlive/2021/texmf-dist/tex/latex/hyperref/hpdftex.def
File: hpdftex.def 2021-02-27 v7.00k Hyperref driver for pdfTeX
 (e:/texlive/2021/texmf-dist/tex/latex/base/atveryend-ltx.sty
Package: atveryend-ltx 2020/08/19 v1.0a Emulation of the original atvery package
with kernel methods
)
\Fld@listcount=\count280
\c@bookmark@seq@number=\count281
 (e:/texlive/2021/texmf-dist/tex/latex/rerunfilecheck/rerunfilecheck.sty
Package: rerunfilecheck 2019/12/05 v1.9 Rerun checks for auxiliary files (HO)
 (e:/texlive/2021/texmf-dist/tex/generic/uniquecounter/uniquecounter.sty
Package: uniquecounter 2019/12/15 v1.4 Provide unlimited unique counter (HO)
)
Package uniquecounter Info: New unique counter `rerunfilecheck' on input line 286.
)
\Hy@SectionHShift=\skip59
)
Package hyperref Info: Option `unicode' set `true' on input line 1463.
 (e:/texlive/2021/texmf-dist/tex/generic/stringenc/stringenc.sty
Package: stringenc 2019/11/29 v1.12 Convert strings between diff. encodings (HO)
)
Package hyperref Info: Option `psdextra' set `true' on input line 1465.
 (e:/texlive/2021/texmf-dist/tex/latex/hyperref/puenc-greekbasic.def
File: puenc-greekbasic.def 2021-02-27 v7.00k Hyperref: PDF Unicode definition (greek block) (HO)
) (e:/texlive/2021/texmf-dist/tex/latex/hyperref/psdextra.def
File: psdextra.def 2021-02-27 v7.00k Hyperref: Additions to PDF string support
) (e:/texlive/2021/texmf-dist/tex/generic/colorprofiles/colorprofiles.sty
Package: colorprofiles 2018/11/01 v1.0.1 color profiles for PDF/X and PDF/A support
 (e:/texlive/2021/texmf-dist/tex/generic/colorprofiles/colorprofiles.tex)) (e:/texlive/2021/texmf-dist/tex/generic/stringenc/se-pdfdoc.def
File: se-pdfdoc.def 2019/11/29 v1.12 stringenc: PDFDocEncoding
) (e:/texlive/2021/texmf-dist/tex/latex/pdfx/AdobeColorProfiles.tex) (e:/texlive/2021/texmf-dist/tex/latex/pdfx/8bit.def
File: 8bit.def 2008/03/30 v1.1d Input encoding file
)
** pdfx: No file Projekt.xmpdata . Metadata will be incomplete!
<<sRGB.icc>> (e:/texlive/2021/texmf-dist/tex/latex/pdfx/8bit.def
File: 8bit.def 2008/03/30 v1.1d Input encoding file
)
Package hyperref Info: Option `unicode' set `true' on input line 2411.
Package hyperref Info: Option `unicode' set `true' on input line 2412.
 (e:/texlive/2021/texmf-dist/tex/generic/pdftex/glyphtounicode.tex) (e:/texlive/2021/texmf-dist/tex/latex/pdfx/glyphtounicode-cmr.tex) (e:/texlive/2021/texmf-dist/tex/latex/pdfx/glyphtounicode-ntx.tex) (e:/texlive/2021/texmf-dist/tex/latex/xmpincl/xmpincl.sty
Package: xmpincl 2008/05/10 v2.2 Include XMP data in pdflatex
) (e:/texlive/2021/texmf-dist/tex/latex/pdfx/8bit.def
File: 8bit.def 2008/03/30 v1.1d Input encoding file
)
Using XMP template file: pdfa.xmp
\xmpinclWrite=\write3
\xmpinclRead=\read2
\openout3 = `pdfa.xmpi'.

<<pdfa.xmpi>>) (e:/texlive/2021/texmf-dist/tex/generic/babel/babel.sty
Package: babel 2021/03/24 3.56 The Babel package
 (e:/texlive/2021/texmf-dist/tex/generic/babel/babel.def
File: babel.def 2021/03/24 3.56 Babel common definitions
\babel@savecnt=\count282
\U@D=\dimen179
\l@babelnohyphens=\language87
 (e:/texlive/2021/texmf-dist/tex/generic/babel/txtbabel.def)
\bbl@readstream=\read3
)
\bbl@dirlevel=\count283
 (e:/texlive/2021/texmf-dist/tex/generic/babel-english/english.ldf
Language: english 2017/06/06 v3.3r English support from the babel system
Package babel Info: \l@canadian = using hyphenrules for english
(babel)             (\language0) on input line 102.
Package babel Info: \l@australian = using hyphenrules for ukenglish
(babel)             (\language21) on input line 105.
Package babel Info: \l@newzealand = using hyphenrules for ukenglish
(babel)             (\language21) on input line 108.
) (e:/texlive/2021/texmf-dist/tex/generic/babel-czech/czech.ldf
Language: czech 2008/07/06 v3.1a Czech support from the babel system
Package babel Info: Making " an active character on input line 172.
\cs@wordlen=\count284
Package babel Info: Making - an active character on input line 226.
) (e:/texlive/2021/texmf-dist/tex/generic/babel-czech/czech.ldf
Language: czech 2008/07/06 v3.1a Czech support from the babel system
))
\c@definition=\count285
\c@theorem=\count286
\c@remark=\count287
 (e:/texlive/2021/texmf-dist/tex/latex/tools/thb.sty
File: thb.sty 2014/10/28 v2.2c Theorem extension package (FMi)
)
\c@Dipl@examplebody=\count288
Package hyperref Info: Option `unicode' set `true' on input line 319.
Package hyperref Info: Option `colorlinks' set `true' on input line 319.
) (e:/texlive/2021/texmf-dist/tex/latex/csquotes/csquotes.sty
Package: csquotes 2021-02-22 v5.2l context-sensitive quotations (JAW)
 (e:/texlive/2021/texmf-dist/tex/latex/etoolbox/etoolbox.sty
Package: etoolbox 2020/10/05 v2.5k e-TeX tools for LaTeX (JAW)
\etb@tempcnta=\count289
)
\csq@reset=\count290
\csq@gtype=\count291
\csq@glevel=\count292
\csq@qlevel=\count293
\csq@maxlvl=\count294
\csq@tshold=\count295
\csq@ltx@everypar=\toks43
 (e:/texlive/2021/texmf-dist/tex/latex/csquotes/csquotes.def
File: csquotes.def 2021-02-22 v5.2l csquotes generic definitions (JAW)
)
Package csquotes Info: Trying to load configuration file 'csquotes.cfg'...
Package csquotes Info: ... configuration file loaded successfully.
 (e:/texlive/2021/texmf-dist/tex/latex/csquotes/csquotes.cfg
File: csquotes.cfg 
)
Package csquotes Info: Enabling multilingual quotes.
Package csquotes Info: Redefining alias 'czech' -> 'czech/quotes'.
) (e:/texlive/2021/texmf-dist/tex/latex/biblatex/biblatex.sty
Package: biblatex 2020/12/31 v3.16 programmable bibliographies (PK/MW)
 (e:/texlive/2021/texmf-dist/tex/latex/logreq/logreq.sty
Package: logreq 2010/08/04 v1.0 xml request logger
\lrq@indent=\count296
 (e:/texlive/2021/texmf-dist/tex/latex/logreq/logreq.def
File: logreq.def 2010/08/04 v1.0 logreq spec v1.0
))
\c@tabx@nest=\count297
\c@listtotal=\count298
\c@listcount=\count299
\c@liststart=\count300
\c@liststop=\count301
\c@citecount=\count302
\c@citetotal=\count303
\c@multicitecount=\count304
\c@multicitetotal=\count305
\c@instcount=\count306
\c@maxnames=\count307
\c@minnames=\count308
\c@maxitems=\count309
\c@minitems=\count310
\c@citecounter=\count311
\c@maxcitecounter=\count312
\c@savedcitecounter=\count313
\c@uniquelist=\count314
\c@uniquename=\count315
\c@refsection=\count316
\c@refsegment=\count317
\c@maxextratitle=\count318
\c@maxextratitleyear=\count319
\c@maxextraname=\count320
\c@maxextradate=\count321
\c@maxextraalpha=\count322
\c@abbrvpenalty=\count323
\c@highnamepenalty=\count324
\c@lownamepenalty=\count325
\c@maxparens=\count326
\c@parenlevel=\count327
\blx@tempcnta=\count328
\blx@tempcntb=\count329
\blx@tempcntc=\count330
\blx@maxsection=\count331
\blx@maxsegment@0=\count332
\blx@notetype=\count333
\blx@parenlevel@text=\count334
\blx@parenlevel@foot=\count335
\blx@sectionciteorder@0=\count336
\blx@entrysetcounter=\count337
\blx@biblioinstance=\count338
\labelnumberwidth=\skip60
\labelalphawidth=\skip61
\biblabelsep=\skip62
\bibitemsep=\skip63
\bibnamesep=\skip64
\bibinitsep=\skip65
\bibparsep=\skip66
\bibhang=\skip67
\blx@bcfin=\read4
\blx@bcfout=\write4
\blx@langwohyphens=\language88
\c@mincomprange=\count339
\c@maxcomprange=\count340
\c@mincompwidth=\count341
Package biblatex Info: Trying to load biblatex default data model...
Package biblatex Info: ... file 'blx-dm.def' found.
 (e:/texlive/2021/texmf-dist/tex/latex/biblatex/blx-dm.def
File: blx-dm.def 2020/12/31 v3.16 biblatex localization (PK/MW)
)
Package biblatex Info: Trying to load biblatex style data model...
Package biblatex Info: ... file 'numeric.dbx' not found.
Package biblatex Info: Trying to load biblatex custom data model...
Package biblatex Info: ... file 'biblatex-dm.cfg' not found.
\c@afterword=\count342
\c@savedafterword=\count343
\c@annotator=\count344
\c@savedannotator=\count345
\c@author=\count346
\c@savedauthor=\count347
\c@bookauthor=\count348
\c@savedbookauthor=\count349
\c@commentator=\count350
\c@savedcommentator=\count351
\c@editor=\count352
\c@savededitor=\count353
\c@editora=\count354
\c@savededitora=\count355
\c@editorb=\count356
\c@savededitorb=\count357
\c@editorc=\count358
\c@savededitorc=\count359
\c@foreword=\count360
\c@savedforeword=\count361
\c@holder=\count362
\c@savedholder=\count363
\c@introduction=\count364
\c@savedintroduction=\count365
\c@namea=\count366
\c@savednamea=\count367
\c@nameb=\count368
\c@savednameb=\count369
\c@namec=\count370
\c@savednamec=\count371
\c@translator=\count372
\c@savedtranslator=\count373
\c@shortauthor=\count374
\c@savedshortauthor=\count375
\c@shorteditor=\count376
\c@savedshorteditor=\count377
\c@labelname=\count378
\c@savedlabelname=\count379
\c@institution=\count380
\c@savedinstitution=\count381
\c@lista=\count382
\c@savedlista=\count383
\c@listb=\count384
\c@savedlistb=\count385
\c@listc=\count386
\c@savedlistc=\count387
\c@listd=\count388
\c@savedlistd=\count389
\c@liste=\count390
\c@savedliste=\count391
\c@listf=\count392
\c@savedlistf=\count393
\c@location=\count394
\c@savedlocation=\count395
\c@organization=\count396
\c@savedorganization=\count397
\c@origlocation=\count398
\c@savedoriglocation=\count399
\c@origpublisher=\count400
\c@savedorigpublisher=\count401
\c@publisher=\count402
\c@savedpublisher=\count403
\c@language=\count404
\c@savedlanguage=\count405
\c@origlanguage=\count406
\c@savedoriglanguage=\count407
\c@pageref=\count408
\c@savedpageref=\count409
\shorthandwidth=\skip68
\shortjournalwidth=\skip69
\shortserieswidth=\skip70
\shorttitlewidth=\skip71
\shortauthorwidth=\skip72
\shorteditorwidth=\skip73
\locallabelnumberwidth=\skip74
\locallabelalphawidth=\skip75
\localshorthandwidth=\skip76
\localshortjournalwidth=\skip77
\localshortserieswidth=\skip78
\localshorttitlewidth=\skip79
\localshortauthorwidth=\skip80
\localshorteditorwidth=\skip81
Package biblatex Info: Trying to load compatibility code...
Package biblatex Info: ... file 'blx-compat.def' found.
 (e:/texlive/2021/texmf-dist/tex/latex/biblatex/blx-compat.def
File: blx-compat.def 2020/12/31 v3.16 biblatex compatibility (PK/MW)
)
Package biblatex Info: Trying to load BibTeX backend compatibility...
Package biblatex Info: ... file 'blx-bibtex.def' found.
 (e:/texlive/2021/texmf-dist/tex/latex/biblatex/blx-bibtex.def
File: blx-bibtex.def 2020/12/31 v3.16 biblatex compatibility (PK/MW)


Package biblatex Warning: Using fall-back BibTeX(8) backend:
(biblatex)                functionality may be reduced/unavailable.

)
Package biblatex Info: Trying to load generic definitions...
Package biblatex Info: ... file 'biblatex.def' found.
 (e:/texlive/2021/texmf-dist/tex/latex/biblatex/biblatex.def
File: biblatex.def 2020/12/31 v3.16 biblatex compatibility (PK/MW)
\c@textcitecount=\count410
\c@textcitetotal=\count411
\c@textcitemaxnames=\count412
\c@biburlbigbreakpenalty=\count413
\c@biburlbreakpenalty=\count414
\c@biburlnumpenalty=\count415
\c@biburlucpenalty=\count416
\c@biburllcpenalty=\count417
\biburlbigskip=\muskip17
\biburlnumskip=\muskip18
\biburlucskip=\muskip19
\biburllcskip=\muskip20
\c@smartand=\count418
)
Package biblatex Info: Trying to load bibliography style 'numeric'...
Package biblatex Info: ... file 'numeric.bbx' found.
 (e:/texlive/2021/texmf-dist/tex/latex/biblatex/bbx/numeric.bbx
File: numeric.bbx 2020/12/31 v3.16 biblatex bibliography style (PK/MW)
Package biblatex Info: Trying to load bibliography style 'standard'...
Package biblatex Info: ... file 'standard.bbx' found.
 (e:/texlive/2021/texmf-dist/tex/latex/biblatex/bbx/standard.bbx
File: standard.bbx 2020/12/31 v3.16 biblatex bibliography style (PK/MW)
\c@bbx:relatedcount=\count419
\c@bbx:relatedtotal=\count420
))
Package biblatex Info: Trying to load citation style 'numeric'...
Package biblatex Info: ... file 'numeric.cbx' found.
 (e:/texlive/2021/texmf-dist/tex/latex/biblatex/cbx/numeric.cbx
File: numeric.cbx 2020/12/31 v3.16 biblatex citation style (PK/MW)
Package biblatex Info: Redefining '\cite'.
Package biblatex Info: Redefining '\parencite'.
Package biblatex Info: Redefining '\footcite'.
Package biblatex Info: Redefining '\footcitetext'.
Package biblatex Info: Redefining '\smartcite'.
Package biblatex Info: Redefining '\supercite'.
Package biblatex Info: Redefining '\textcite'.
Package biblatex Info: Redefining '\textcites'.
Package biblatex Info: Redefining '\cites'.
Package biblatex Info: Redefining '\parencites'.
Package biblatex Info: Redefining '\smartcites'.
)
Package biblatex Info: Trying to load configuration file...
Package biblatex Info: ... file 'biblatex.cfg' found.
 (e:/texlive/2021/texmf-dist/tex/latex/biblatex/biblatex.cfg
File: biblatex.cfg 
)) (e:/texlive/2021/texmf-dist/tex/latex/tools/dcolumn.sty
Package: dcolumn 2014/10/28 v1.06 decimal alignment package (DPC)
 (e:/texlive/2021/texmf-dist/tex/latex/tools/array.sty
Package: array 2020/10/01 v2.5c Tabular extension package (FMi)
\col@sep=\dimen180
\ar@mcellbox=\box53
\extrarowheight=\dimen181
\NC@list=\toks44
\extratabsurround=\skip82
\backup@length=\skip83
\ar@cellbox=\box54
)) (e:/texlive/2021/texmf-dist/tex/latex/subfig/subfig.sty
Package: subfig 2005/06/28 ver: 1.3 subfig package
\c@KVtest=\count421
\sf@farskip=\skip84
\sf@captopadj=\dimen182
\sf@capskip=\skip85
\sf@nearskip=\skip86
\c@subfigure=\count422
\c@subfigure@save=\count423
\c@lofdepth=\count424
\c@subtable=\count425
\c@subtable@save=\count426
\c@lotdepth=\count427
\sf@top=\skip87
\sf@bottom=\skip88
) (d:/OneDrive - VSB-TUO/VSB/ING/RSsP/Projekt/LaTex-26-11/diplomalst.sty
Package: diplomalst 2021/03/06 1.0 diplomalst package
 (e:/texlive/2021/texmf-dist/tex/latex/listings/listings.sty
\lst@mode=\count428
\lst@gtempboxa=\box55
\lst@token=\toks45
\lst@length=\count429
\lst@currlwidth=\dimen183
\lst@column=\count430
\lst@pos=\count431
\lst@lostspace=\dimen184
\lst@width=\dimen185
\lst@newlines=\count432
\lst@lineno=\count433
\lst@maxwidth=\dimen186
 (e:/texlive/2021/texmf-dist/tex/latex/listings/lstmisc.sty
File: lstmisc.sty 2020/03/24 1.8d (Carsten Heinz)
\c@lstnumber=\count434
\lst@skipnumbers=\count435
\lst@framebox=\box56
) (e:/texlive/2021/texmf-dist/tex/latex/listings/listings.cfg
File: listings.cfg 2020/03/24 1.8d listings configuration
))
Package: listings 2020/03/24 1.8d (Carsten Heinz)
 (e:/texlive/2021/texmf-dist/tex/latex/listings/lstlang1.sty
File: lstlang1.sty 2020/03/24 1.8d listings language file
) (e:/texlive/2021/texmf-dist/tex/latex/listings/lstlang1.sty
File: lstlang1.sty 2020/03/24 1.8d listings language file
) (e:/texlive/2021/texmf-dist/tex/latex/listings/lstlang1.sty
File: lstlang1.sty 2020/03/24 1.8d listings language file
) (e:/texlive/2021/texmf-dist/tex/latex/listings/lstmisc.sty
File: lstmisc.sty 2020/03/24 1.8d (Carsten Heinz)
)) (e:/texlive/2021/texmf-dist/tex/latex/base/fixltx2e.sty
Package: fixltx2e 2016/12/29 v2.1a fixes to LaTeX (obsolete)
Applying: [2015/01/01] Old fixltx2e package on input line 46.


Package fixltx2e Warning: fixltx2e is not required with releases after 2015
(fixltx2e)                All fixes are now in the LaTeX kernel.
(fixltx2e)                See the latexrelease package for details.

Already applied: [0000/00/00] Old fixltx2e package on input line 53.
) (e:/texlive/2021/texmf-dist/tex/latex/koma-script/typearea.sty
Package: typearea 2021/03/17 v3.33 KOMA-Script package (type area)
 (e:/texlive/2021/texmf-dist/tex/latex/koma-script/scrkbase.sty
Package: scrkbase 2021/03/17 v3.33 KOMA-Script package (KOMA-Script-dependent basics and keyval usage)
 (e:/texlive/2021/texmf-dist/tex/latex/koma-script/scrbase.sty
Package: scrbase 2021/03/17 v3.33 KOMA-Script package (KOMA-Script-independent basics and keyval usage)
 (e:/texlive/2021/texmf-dist/tex/latex/koma-script/scrlfile.sty
Package: scrlfile 2021/03/17 v3.33 KOMA-Script package (file load hooks)
 (e:/texlive/2021/texmf-dist/tex/latex/koma-script/scrlfile-hook.sty
Package: scrlfile-hook 2021/03/17 v3.33 KOMA-Script package (using LaTeX hooks)

LaTeX3 Info: Defining command \BeforeFile with sig. 'm' on line 61.


LaTeX3 Info: Defining command \AfterFile with sig. 'm' on line 65.


LaTeX3 Info: Defining command \BeforeClass with sig. 'm' on line 69.


LaTeX3 Info: Defining command \BeforePackage with sig. 'm' on line 73.


LaTeX3 Info: Defining command \AfterAtEndOfClass with sig. 'smo+m' on line 83.


LaTeX3 Info: Defining command \AfterAtEndOfPackage with sig. 'smo+m' on line
(LaTeX3)     93.


LaTeX3 Info: Defining command \scrlfile@AfterClass with sig. 'smo+m' on line
(LaTeX3)     173.


LaTeX3 Info: Defining command \AfterClass with sig. '' on line 174.


LaTeX3 Info: Defining command \scrlfile@AfterPackage with sig. 'smo+m' on line
(LaTeX3)     191.


LaTeX3 Info: Defining command \AfterPackage with sig. '' on line 192.


LaTeX3 Info: Defining command \ReplaceInput with sig. '' on line 193.


LaTeX3 Info: Defining command \ReplaceClass with sig. 'mm' on line 196.


LaTeX3 Info: Defining command \ReplacePackage with sig. 'mm' on line 199.


LaTeX3 Info: Defining command \UnReplaceInput with sig. '' on line 200.


LaTeX3 Info: Defining command \UnReplaceClass with sig. 'm' on line 203.


LaTeX3 Info: Defining command \UnReplacePackage with sig. 'mm' on line 206.


LaTeX3 Info: Defining command \PreventPackageFromLoading with sig. 's+om' on
(LaTeX3)     line 234.


LaTeX3 Info: Defining command \StorePreventPackageFromLoading with sig. 'm' on
(LaTeX3)     line 242.


LaTeX3 Info: Defining command \ResetPreventPackageFromLoading with sig. '' on
(LaTeX3)     line 247.


LaTeX3 Info: Defining command \UnPreventPackageFromLoading with sig. 'sm' on
(LaTeX3)     line 261.


LaTeX3 Info: Defining command \BeforeClosingMainAux with sig. 'om' on line
(LaTeX3)     274.


LaTeX3 Info: Defining command \AfterReadingMainAux with sig. 'om' on line 287.


LaTeX3 Info: Defining command \protected@immediate@write with sig. 'm+m+m' on
(LaTeX3)     line 298.

 (e:/texlive/2021/texmf-dist/tex/latex/koma-script/scrlogo.sty
Package: scrlogo 2021/03/17 v3.33 KOMA-Script package (logo)
)))
Skipping: [2021/05/01] Usage of raw option list on input line 252.
Applying: [0000/00/00] compatibility for LaTeX before 2021/05/01 on input line 337.
))
\ta@bcor=\skip89
\ta@div=\count436
Package typearea Info: You've used standard option `a4paper'.
(typearea)             This is correct!
(typearea)             Internally I'm using `paper=a4'.
(typearea)             If you'd like to set the option with \KOMAoptions,
(typearea)             you'd have to use `paper=a4' there
(typearea)             instead of `a4paper', too.
\ta@hblk=\skip90
\ta@vblk=\skip91
\ta@temp=\skip92
\footheight=\skip93
LaTeX Font Info:    Trying to load font information for T1+ppl on input line 1741.
 (e:/texlive/2021/texmf-dist/tex/latex/psnfss/t1ppl.fd
File: t1ppl.fd 2001/06/04 font definitions for T1/ppl.
)
Package typearea Info: These are the values describing the layout:
(typearea)             DIV  = 10
(typearea)             BCOR = 0.0pt
(typearea)             \paperwidth      = 597.50793pt
(typearea)              \textwidth      = 418.25555pt
(typearea)              DIV departure   = -2%
(typearea)              \evensidemargin = 47.2316pt
(typearea)              \oddsidemargin  = -12.5192pt
(typearea)             \paperheight     = 845.04694pt
(typearea)              \textheight     = 604.88354pt
(typearea)              \topmargin      = -33.13141pt
(typearea)              \headheight     = 20.62096pt
(typearea)              \headsep        = 24.74515pt
(typearea)              \topskip        = 11.0pt
(typearea)              \footskip       = 57.73868pt
(typearea)              \baselineskip   = 16.49677pt
(typearea)              on input line 1741.
) (e:/texlive/2021/texmf-dist/tex/latex/float/float.sty
Package: float 2001/11/08 v1.3d Float enhancements (AL)
\c@float@type=\count437
\float@exts=\toks46
\float@box=\box57
\@float@everytoks=\toks47
\@floatcapt=\box58
) (e:/texlive/2021/texmf-dist/tex/latex/amsmath/amsmath.sty
Package: amsmath 2020/09/23 v2.17i AMS math features
\@mathmargin=\skip94

For additional information on amsmath, use the `?' option.
(e:/texlive/2021/texmf-dist/tex/latex/amsmath/amstext.sty
Package: amstext 2000/06/29 v2.01 AMS text
 (e:/texlive/2021/texmf-dist/tex/latex/amsmath/amsgen.sty
File: amsgen.sty 1999/11/30 v2.0 generic functions
\@emptytoks=\toks48
\ex@=\dimen187
)) (e:/texlive/2021/texmf-dist/tex/latex/amsmath/amsbsy.sty
Package: amsbsy 1999/11/29 v1.2d Bold Symbols
\pmbraise@=\dimen188
) (e:/texlive/2021/texmf-dist/tex/latex/amsmath/amsopn.sty
Package: amsopn 2016/03/08 v2.02 operator names
)
\inf@bad=\count438
LaTeX Info: Redefining \frac on input line 234.
\uproot@=\count439
\leftroot@=\count440
LaTeX Info: Redefining \overline on input line 399.
\classnum@=\count441
\DOTSCASE@=\count442
LaTeX Info: Redefining \ldots on input line 496.
LaTeX Info: Redefining \dots on input line 499.
LaTeX Info: Redefining \cdots on input line 620.
\Mathstrutbox@=\box59
\strutbox@=\box60
\big@size=\dimen189
LaTeX Font Info:    Redeclaring font encoding OML on input line 743.
LaTeX Font Info:    Redeclaring font encoding OMS on input line 744.
\macc@depth=\count443
\c@MaxMatrixCols=\count444
\dotsspace@=\muskip21
\c@parentequation=\count445
\dspbrk@lvl=\count446
\tag@help=\toks49
\row@=\count447
\column@=\count448
\maxfields@=\count449
\andhelp@=\toks50
\eqnshift@=\dimen190
\alignsep@=\dimen191
\tagshift@=\dimen192
\tagwidth@=\dimen193
\totwidth@=\dimen194
\lineht@=\dimen195
\@envbody=\toks51
\multlinegap=\skip95
\multlinetaggap=\skip96
\mathdisplay@stack=\toks52
LaTeX Info: Redefining \[ on input line 2923.
LaTeX Info: Redefining \] on input line 2924.
) (e:/texlive/2021/texmf-dist/tex/latex/multirow/multirow.sty
Package: multirow 2021/03/15 v2.8 Span multiple rows of a table
\multirow@colwidth=\skip97
\multirow@cntb=\count450
\multirow@dima=\skip98
\bigstrutjot=\dimen196
) (e:/texlive/2021/texmf-dist/tex/latex/fancyhdr/fancyhdr.sty
Package: fancyhdr 2021/01/28 v4.0.1 Extensive control of page headers and footers
\f@nch@headwidth=\skip99
\f@nch@O@elh=\skip100
\f@nch@O@erh=\skip101
\f@nch@O@olh=\skip102
\f@nch@O@orh=\skip103
\f@nch@O@elf=\skip104
\f@nch@O@erf=\skip105
\f@nch@O@olf=\skip106
\f@nch@O@orf=\skip107
) (e:/texlive/2021/texmf-dist/tex/latex/lastpage/lastpage.sty
Package: lastpage 2015/03/29 v1.2m Refers to last page's name (HMM; JPG)
) (e:/texlive/2021/texmf-dist/tex/latex/epstopdf-pkg/epstopdf.sty
Package: epstopdf 2020-01-24 v2.11 Conversion with epstopdf on the fly (HO)
 (e:/texlive/2021/texmf-dist/tex/latex/grfext/grfext.sty
Package: grfext 2019/12/03 v1.3 Manage graphics extensions (HO)
) (e:/texlive/2021/texmf-dist/tex/latex/epstopdf-pkg/epstopdf-base.sty
Package: epstopdf-base 2020-01-24 v2.11 Base part for package epstopdf
Package epstopdf-base Info: Redefining graphics rule for `.eps' on input line 485.
Package grfext Info: Graphics extension search list:
(grfext)             [.pdf,.png,.jpg,.mps,.jpeg,.jbig2,.jb2,.PDF,.PNG,.JPG,.JPEG,.JBIG2,.JB2,.eps]
(grfext)             \AppendGraphicsExtensions on input line 504.
 (e:/texlive/2021/texmf-dist/tex/latex/latexconfig/epstopdf-sys.cfg
File: epstopdf-sys.cfg 2010/07/13 v1.3 Configuration of (r)epstopdf for TeX Live
))) (e:/texlive/2021/texmf-dist/tex/latex/enumitem/enumitem.sty
Package: enumitem 2019/06/20 v3.9 Customized lists
\labelindent=\skip108
\enit@outerparindent=\dimen197
\enit@toks=\toks53
\enit@inbox=\box61
\enit@count@id=\count451
\enitdp@description=\count452
) (e:/texlive/2021/texmf-dist/tex/latex/psnfss/pifont.sty
Package: pifont 2020/03/25 PSNFSS-v9.3 Pi font support (SPQR) 
LaTeX Font Info:    Trying to load font information for U+pzd on input line 63.
 (e:/texlive/2021/texmf-dist/tex/latex/psnfss/upzd.fd
File: upzd.fd 2001/06/04 font definitions for U/pzd.
)
LaTeX Font Info:    Trying to load font information for U+psy on input line 64.
 (e:/texlive/2021/texmf-dist/tex/latex/psnfss/upsy.fd
File: upsy.fd 2001/06/04 font definitions for U/psy.
)) (e:/texlive/2021/texmf-dist/tex/latex/wrapfig/wrapfig.sty
\wrapoverhang=\dimen198
\WF@size=\dimen199
\c@WF@wrappedlines=\count453
\WF@box=\box62
\WF@everypar=\toks54
Package: wrapfig 2003/01/31  v 3.6
) (e:/texlive/2021/texmf-dist/tex/latex/graphics/lscape.sty
Package: lscape 2020/05/28 v3.02 Landscape Pages (DPC)
) (e:/texlive/2021/texmf-dist/tex/latex/adjustbox/adjustbox.sty
Package: adjustbox 2020/08/19 v1.3 Adjusting TeX boxes (trim, clip, ...)
 (e:/texlive/2021/texmf-dist/tex/latex/xkeyval/xkeyval.sty
Package: xkeyval 2020/11/20 v2.8 package option processing (HA)
 (e:/texlive/2021/texmf-dist/tex/generic/xkeyval/xkeyval.tex (e:/texlive/2021/texmf-dist/tex/generic/xkeyval/xkvutils.tex
\XKV@toks=\toks55
\XKV@tempa@toks=\toks56
)
\XKV@depth=\count454
File: xkeyval.tex 2014/12/03 v2.7a key=value parser (HA)
)) (e:/texlive/2021/texmf-dist/tex/latex/adjustbox/adjcalc.sty
Package: adjcalc 2012/05/16 v1.1 Provides advanced setlength with multiple back-ends (calc, etex, pgfmath)
) (e:/texlive/2021/texmf-dist/tex/latex/adjustbox/trimclip.sty
Package: trimclip 2020/08/19 v1.2 Trim and clip general TeX material
 (e:/texlive/2021/texmf-dist/tex/latex/collectbox/collectbox.sty
Package: collectbox 2012/05/17 v0.4b Collect macro arguments as boxes
\collectedbox=\box63
)
\tc@llx=\dimen256
\tc@lly=\dimen257
\tc@urx=\dimen258
\tc@ury=\dimen259
Package trimclip Info: Using driver 'tc-pdftex.def'.
 (e:/texlive/2021/texmf-dist/tex/latex/adjustbox/tc-pdftex.def
File: tc-pdftex.def 2019/01/04 v2.2 Clipping driver for pdftex
))
\adjbox@Width=\dimen260
\adjbox@Height=\dimen261
\adjbox@Depth=\dimen262
\adjbox@Totalheight=\dimen263
\adjbox@pwidth=\dimen264
\adjbox@pheight=\dimen265
\adjbox@pdepth=\dimen266
\adjbox@ptotalheight=\dimen267
 (e:/texlive/2021/texmf-dist/tex/latex/ifoddpage/ifoddpage.sty
Package: ifoddpage 2016/04/23 v1.1 Conditionals for odd/even page detection
\c@checkoddpage=\count455
) (e:/texlive/2021/texmf-dist/tex/latex/varwidth/varwidth.sty
Package: varwidth 2009/03/30 ver 0.92;  Variable-width minipages
\@vwid@box=\box64
\sift@deathcycles=\count456
\@vwid@loff=\dimen268
\@vwid@roff=\dimen269
)) (e:/texlive/2021/texmf-dist/tex/latex/listings/lstlang1.sty
File: lstlang1.sty 2020/03/24 1.8d listings language file
)
Package csquotes Info: Checking for multilingual support...
Package csquotes Info: ... found 'babel' package.


Package biblatex Warning: Conflicting options.
(biblatex)                'date=iso' requires 'seconds=true'.
(biblatex)                Setting 'seconds=true' on input line 130.

(e:/texlive/2021/texmf-dist/tex/latex/l3backend/l3backend-pdftex.def
File: l3backend-pdftex.def 2021-03-18 L3 backend support: PDF output (pdfTeX)
\l__color_backend_stack_int=\count457
\l__pdf_internal_box=\box65
) (d:/OneDrive - VSB-TUO/VSB/ING/RSsP/Projekt/LaTex-26-11/Projekt.aux)
\openout1 = `Projekt.aux'.

LaTeX Font Info:    Checking defaults for OML/cmm/m/it on input line 130.
LaTeX Font Info:    ... okay on input line 130.
LaTeX Font Info:    Checking defaults for OMS/cmsy/m/n on input line 130.
LaTeX Font Info:    ... okay on input line 130.
LaTeX Font Info:    Checking defaults for OT1/cmr/m/n on input line 130.
LaTeX Font Info:    ... okay on input line 130.
LaTeX Font Info:    Checking defaults for T1/cmr/m/n on input line 130.
LaTeX Font Info:    ... okay on input line 130.
LaTeX Font Info:    Checking defaults for TS1/cmr/m/n on input line 130.
LaTeX Font Info:    ... okay on input line 130.
LaTeX Font Info:    Checking defaults for OMX/cmex/m/n on input line 130.
LaTeX Font Info:    ... okay on input line 130.
LaTeX Font Info:    Checking defaults for U/cmr/m/n on input line 130.
LaTeX Font Info:    ... okay on input line 130.
LaTeX Font Info:    Checking defaults for PD1/pdf/m/n on input line 130.
LaTeX Font Info:    ... okay on input line 130.
LaTeX Font Info:    Checking defaults for PU/pdf/m/n on input line 130.
LaTeX Font Info:    ... okay on input line 130.

*geometry* driver: auto-detecting
*geometry* detected driver: pdftex
*geometry* verbose mode - [ preamble ] result:
* driver: pdftex
* paper: a4paper
* layout: <same size as paper>
* layoutoffset:(h,v)=(0.0pt,0.0pt)
* modes: twoside 
* h-part:(L,W,R)=(71.13188pt, 455.24411pt, 71.13188pt)
* v-part:(T,H,B)=(85.35826pt, 688.5567pt, 71.13188pt)
* \paperwidth=597.50787pt
* \paperheight=845.04684pt
* \textwidth=455.24411pt
* \textheight=688.5567pt
* \oddsidemargin=-1.1381pt
* \evensidemargin=-1.1381pt
* \topmargin=-54.336pt
* \headheight=42.67912pt
* \headsep=24.74515pt
* \topskip=11.0pt
* \footskip=22.76219pt
* \marginparwidth=89.62619pt
* \marginparsep=12.8401pt
* \columnsep=10.0pt
* \skip\footins=10.0pt plus 4.0pt minus 2.0pt
* \hoffset=0.0pt
* \voffset=0.0pt
* \mag=1000
* \@twocolumnfalse
* \@twosidetrue
* \@mparswitchtrue
* \@reversemarginfalse
* (1in=72.27pt=25.4mm, 1cm=28.453pt)

(e:/texlive/2021/texmf-dist/tex/context/base/mkii/supp-pdf.mkii
[Loading MPS to PDF converter (version 2006.09.02).]
\scratchcounter=\count458
\scratchdimen=\dimen270
\scratchbox=\box66
\nofMPsegments=\count459
\nofMParguments=\count460
\everyMPshowfont=\toks57
\MPscratchCnt=\count461
\MPscratchDim=\dimen271
\MPnumerator=\count462
\makeMPintoPDFobject=\count463
\everyMPtoPDFconversion=\toks58
)
Package caption Info: Begin \AtBeginDocument code.
Package caption Info: subfig package v1.3 is loaded.
Package caption Info: float package is loaded.
Package caption Info: hyperref package is loaded.
Package caption Info: listings package is loaded.
Package caption Info: rotating package is loaded.
Package caption Info: wrapfig package is loaded.
Package caption Info: End \AtBeginDocument code.
Package hyperref Info: Link coloring ON on input line 130.
 (e:/texlive/2021/texmf-dist/tex/latex/hyperref/nameref.sty
Package: nameref 2021-04-02 v2.47 Cross-referencing by name of section
 (e:/texlive/2021/texmf-dist/tex/latex/refcount/refcount.sty
Package: refcount 2019/12/15 v3.6 Data extraction from label references (HO)
) (e:/texlive/2021/texmf-dist/tex/generic/gettitlestring/gettitlestring.sty
Package: gettitlestring 2019/12/15 v1.6 Cleanup title references (HO)
)
\c@section@level=\count464
)
LaTeX Info: Redefining \ref on input line 130.
LaTeX Info: Redefining \pageref on input line 130.
LaTeX Info: Redefining \nameref on input line 130.
 (d:/OneDrive - VSB-TUO/VSB/ING/RSsP/Projekt/LaTex-26-11/Projekt.out) (d:/OneDrive - VSB-TUO/VSB/ING/RSsP/Projekt/LaTex-26-11/Projekt.out)
\@outlinefile=\write5
\openout5 = `Projekt.out'.

Package biblatex Info: Trying to load language 'czech'...
Package biblatex Info: ... file 'czech.lbx' found.
 (e:/texlive/2021/texmf-dist/tex/latex/biblatex/lbx/czech.lbx
File: czech.lbx 2020/12/31 v3.16 biblatex localization (PK/MW)
)
Package biblatex Info: Trying to load language 'english'...
Package biblatex Info: ... file 'english.lbx' found.
 (e:/texlive/2021/texmf-dist/tex/latex/biblatex/lbx/english.lbx
File: english.lbx 2020/12/31 v3.16 biblatex localization (PK/MW)
)
Package biblatex Info: Input encoding 'utf8' detected.
Package biblatex Info: Automatic encoding selection.
(biblatex)             Assuming data encoding 'utf8'.
Package biblatex Info: Input encoding 'utf8' specified.
Package biblatex Info: Data encoding 'utf8' specified.
(biblatex)             No need to reencode data.
Package biblatex Info: Document encoding is UTF8 ....
 (e:/texlive/2021/texmf-dist/tex/latex/l3kernel/expl3.sty
Package: expl3 2021-02-18 L3 programming layer (loader) 
)
Package biblatex Info: ... and expl3
(biblatex)             2021-02-18 L3 programming layer (loader) 
(biblatex)             is new enough (at least 2020/04/06),
(biblatex)             setting 'casechanger=expl3'.
 (e:/texlive/2021/texmf-dist/tex/latex/biblatex/blx-case-expl3.sty (e:/texlive/2021/texmf-dist/tex/latex/l3packages/xparse/xparse.sty (e:/texlive/2021/texmf-dist/tex/latex/l3packages/xparse/xparse-2020-10-01.sty (e:/texlive/2021/texmf-dist/tex/latex/l3packages/xparse/xparse-generic.tex)))
Package: blx-case-expl3 2020/12/31 v3.16 expl3 case changing code for biblatex
)
\openout4 = `Projekt-blx.bib'.

Package biblatex Info: Trying to load bibliographic data...
Package biblatex Info: ... file 'Projekt.bbl' found.
 (d:/OneDrive - VSB-TUO/VSB/ING/RSsP/Projekt/LaTex-26-11/Projekt.bbl)
Package biblatex Info: Reference section=0 on input line 130.
Package biblatex Info: Reference segment=0 on input line 130.
\c@lstlisting=\count465
Package lastpage Info: Please have a look at the pageslts package at
(lastpage)             https://www.ctan.org/pkg/pageslts
(lastpage)             ! on input line 130.
<C:/LaTex/logo.png, id=110, 354.6048pt x 37.5804pt>
File: C:/LaTex/logo.png Graphic file (type png)
<use C:/LaTex/logo.png>
Package pdftex.def Info: C:/LaTex/logo.png  used on input line 137.
(pdftex.def)             Requested size: 355.65944pt x 37.69267pt.
 [1


 <c:/LaTex/logo.png>]
LaTeX Font Info:    Trying to load font information for T1+phv on input line 161.
 (e:/texlive/2021/texmf-dist/tex/latex/psnfss/t1phv.fd
File: t1phv.fd 2020/03/25 scalable font definitions for T1/phv.
) (d:/OneDrive - VSB-TUO/VSB/ING/RSsP/Projekt/LaTex-26-11/Projekt.toc)
\tf@toc=\write6
\openout6 = `Projekt.toc'.

 [2

] (d:/OneDrive - VSB-TUO/VSB/ING/RSsP/Projekt/LaTex-26-11/Projekt.lof)
\tf@lof=\write7
\openout7 = `Projekt.lof'.



Package fancyhdr Warning: \headheight is too small (42.67912pt): 
(fancyhdr)                Make it at least 52.80229pt, for example:
(fancyhdr)                \setlength{\headheight}{52.80229pt}.
(fancyhdr)                You might also make \topmargin smaller to compensate:
(fancyhdr)                \addtolength{\topmargin}{-10.12317pt}.

pdfTeX warning (ext4): destination with the same identifier (name{page.2}) has been already used, duplicate ignored
<to be read again> 
                   \relax 
l.192 \clearpage
                 [2


] (d:/OneDrive - VSB-TUO/VSB/ING/RSsP/Projekt/LaTex-26-11/Projekt.lot)
\tf@lot=\write8
\openout8 = `Projekt.lot'.



Package fancyhdr Warning: \headheight is too small (42.67912pt): 
(fancyhdr)                Make it at least 52.80229pt, for example:
(fancyhdr)                \setlength{\headheight}{52.80229pt}.
(fancyhdr)                You might also make \topmargin smaller to compensate:
(fancyhdr)                \addtolength{\topmargin}{-10.12317pt}.

[3


] (d:/OneDrive - VSB-TUO/VSB/ING/RSsP/Projekt/LaTex-26-11/Chapters/Zadani.tex
Kapitola 1.
LaTeX Font Info:    Trying to load font information for TS1+ppl on input line 16.
(e:/texlive/2021/texmf-dist/tex/latex/psnfss/ts1ppl.fd
File: ts1ppl.fd 2001/06/04 font definitions for TS1/ppl.
)

Package fancyhdr Warning: \headheight is too small (42.67912pt): 
(fancyhdr)                Make it at least 52.80229pt, for example:
(fancyhdr)                \setlength{\headheight}{52.80229pt}.
(fancyhdr)                You might also make \topmargin smaller to compensate:
(fancyhdr)                \addtolength{\topmargin}{-10.12317pt}.

[4


]

Package fancyhdr Warning: \headheight is too small (42.67912pt): 
(fancyhdr)                Make it at least 52.80229pt, for example:
(fancyhdr)                \setlength{\headheight}{52.80229pt}.
(fancyhdr)                You might also make \topmargin smaller to compensate:
(fancyhdr)                \addtolength{\topmargin}{-10.12317pt}.

[5])

Package fancyhdr Warning: \headheight is too small (42.67912pt): 
(fancyhdr)                Make it at least 52.80229pt, for example:
(fancyhdr)                \setlength{\headheight}{52.80229pt}.
(fancyhdr)                You might also make \topmargin smaller to compensate:
(fancyhdr)                \addtolength{\topmargin}{-10.12317pt}.

[6] (d:/OneDrive - VSB-TUO/VSB/ING/RSsP/Projekt/LaTex-26-11/Chapters/Ch1.tex
Kapitola 2.
<Figures/Mapa.png, id=203, 901.3675pt x 989.6975pt>
File: Figures/Mapa.png Graphic file (type png)
<use Figures/Mapa.png>
Package pdftex.def Info: Figures/Mapa.png  used on input line 12.
(pdftex.def)             Requested size: 227.62206pt x 249.91551pt.

Underfull \vbox (badness 10000) has occurred while \output is active []



Package fancyhdr Warning: \headheight is too small (42.67912pt): 
(fancyhdr)                Make it at least 52.80229pt, for example:
(fancyhdr)                \setlength{\headheight}{52.80229pt}.
(fancyhdr)                You might also make \topmargin smaller to compensate:
(fancyhdr)                \addtolength{\topmargin}{-10.12317pt}.

[7


 <d:/OneDrive - VSB-TUO/VSB/ING/RSsP/Projekt/LaTex-26-11/Figures/Mapa.png>]) (d:/OneDrive - VSB-TUO/VSB/ING/RSsP/Projekt/LaTex-26-11/Chapters/Ch2.tex

Package fancyhdr Warning: \headheight is too small (42.67912pt): 
(fancyhdr)                Make it at least 52.80229pt, for example:
(fancyhdr)                \setlength{\headheight}{52.80229pt}.
(fancyhdr)                You might also make \topmargin smaller to compensate:
(fancyhdr)                \addtolength{\topmargin}{-10.12317pt}.

[8]
Kapitola 3.
<Figures/Pap.jpg, id=214, 1969.3575pt x 2775.61969pt>
File: Figures/Pap.jpg Graphic file (type jpg)
<use Figures/Pap.jpg>
Package pdftex.def Info: Figures/Pap.jpg  used on input line 8.
(pdftex.def)             Requested size: 409.71692pt x 577.43388pt.
<Figures/Navrh-viz.png, id=215, 2409.0pt x 1606.0pt>
File: Figures/Navrh-viz.png Graphic file (type png)
<use Figures/Navrh-viz.png>
Package pdftex.def Info: Figures/Navrh-viz.png  used on input line 14.
(pdftex.def)             Requested size: 614.56258pt x 409.71692pt.
) (d:/OneDrive - VSB-TUO/VSB/ING/RSsP/Projekt/LaTex-26-11/Chapters/Ch3.tex

Package fancyhdr Warning: \headheight is too small (42.67912pt): 
(fancyhdr)                Make it at least 52.80229pt, for example:
(fancyhdr)                \setlength{\headheight}{52.80229pt}.
(fancyhdr)                You might also make \topmargin smaller to compensate:
(fancyhdr)                \addtolength{\topmargin}{-10.12317pt}.

[9

]

Package fancyhdr Warning: \headheight is too small (42.67912pt): 
(fancyhdr)                Make it at least 52.80229pt, for example:
(fancyhdr)                \setlength{\headheight}{52.80229pt}.
(fancyhdr)                You might also make \topmargin smaller to compensate:
(fancyhdr)                \addtolength{\topmargin}{-10.12317pt}.

[10 <d:/OneDrive - VSB-TUO/VSB/ING/RSsP/Projekt/LaTex-26-11/Figures/Pap.jpg>]

Package fancyhdr Warning: \headheight is too small (42.67912pt): 
(fancyhdr)                Make it at least 52.80229pt, for example:
(fancyhdr)                \setlength{\headheight}{52.80229pt}.
(fancyhdr)                You might also make \topmargin smaller to compensate:
(fancyhdr)                \addtolength{\topmargin}{-10.12317pt}.

[11 <d:/OneDrive - VSB-TUO/VSB/ING/RSsP/Projekt/LaTex-26-11/Figures/Navrh-viz.png>]
Kapitola 4.


pdfTeX warning: pdflatex.exe (file d:/OneDrive - VSB-TUO/VSB/ING/RSsP/Projekt/LaTex-26-11/Figures/udp.drawio.pdf): PDF inclusion: found PDF version <1.7>, but at most version <1.5> allowed
<Figures/udp.drawio.pdf, id=230, 544.25734pt x 456.54163pt>
File: Figures/udp.drawio.pdf Graphic file (type pdf)
<use Figures/udp.drawio.pdf>
Package pdftex.def Info: Figures/udp.drawio.pdf  used on input line 31.
(pdftex.def)             Requested size: 364.19667pt x 305.49815pt.

Package fancyhdr Warning: \headheight is too small (42.67912pt): 
(fancyhdr)                Make it at least 52.80229pt, for example:
(fancyhdr)                \setlength{\headheight}{52.80229pt}.
(fancyhdr)                You might also make \topmargin smaller to compensate:
(fancyhdr)                \addtolength{\topmargin}{-10.12317pt}.

[12

]) (d:/OneDrive - VSB-TUO/VSB/ING/RSsP/Projekt/LaTex-26-11/Chapters/Ch4.tex

Package fancyhdr Warning: \headheight is too small (42.67912pt): 
(fancyhdr)                Make it at least 52.80229pt, for example:
(fancyhdr)                \setlength{\headheight}{52.80229pt}.
(fancyhdr)                You might also make \topmargin smaller to compensate:
(fancyhdr)                \addtolength{\topmargin}{-10.12317pt}.

[13 <d:/OneDrive - VSB-TUO/VSB/ING/RSsP/Projekt/LaTex-26-11/Figures/udp.drawio.pdf>]
Kapitola 5.
<Figures/Promotic_admin_vizualizace.png, id=259, 1445.4pt x 782.925pt>
File: Figures/Promotic_admin_vizualizace.png Graphic file (type png)
<use Figures/Promotic_admin_vizualizace.png>
Package pdftex.def Info: Figures/Promotic_admin_vizualizace.png  used on input line 15.
(pdftex.def)             Requested size: 455.24411pt x 246.58684pt.

Underfull \vbox (badness 10000) has occurred while \output is active []



Package fancyhdr Warning: \headheight is too small (42.67912pt): 
(fancyhdr)                Make it at least 52.80229pt, for example:
(fancyhdr)                \setlength{\headheight}{52.80229pt}.
(fancyhdr)                You might also make \topmargin smaller to compensate:
(fancyhdr)                \addtolength{\topmargin}{-10.12317pt}.

[14

]
Overfull \vbox (19.27032pt too high) has occurred while \output is active []



Package fancyhdr Warning: \headheight is too small (42.67912pt): 
(fancyhdr)                Make it at least 52.80229pt, for example:
(fancyhdr)                \setlength{\headheight}{52.80229pt}.
(fancyhdr)                You might also make \topmargin smaller to compensate:
(fancyhdr)                \addtolength{\topmargin}{-10.12317pt}.

[15 <d:/OneDrive - VSB-TUO/VSB/ING/RSsP/Projekt/LaTex-26-11/Figures/Promotic_admin_vizualizace.png>]
<Figures/Promotic_uzivatel_vizualizace.png, id=271, 1443.14156pt x 764.8575pt>
File: Figures/Promotic_uzivatel_vizualizace.png Graphic file (type png)
<use Figures/Promotic_uzivatel_vizualizace.png>
Package pdftex.def Info: Figures/Promotic_uzivatel_vizualizace.png  used on input line 21.
(pdftex.def)             Requested size: 455.24411pt x 241.26984pt.
) (d:/OneDrive - VSB-TUO/VSB/ING/RSsP/Projekt/LaTex-26-11/Chapters/Ch5.tex

Package fancyhdr Warning: \headheight is too small (42.67912pt): 
(fancyhdr)                Make it at least 52.80229pt, for example:
(fancyhdr)                \setlength{\headheight}{52.80229pt}.
(fancyhdr)                You might also make \topmargin smaller to compensate:
(fancyhdr)                \addtolength{\topmargin}{-10.12317pt}.

[16 <d:/OneDrive - VSB-TUO/VSB/ING/RSsP/Projekt/LaTex-26-11/Figures/Promotic_uzivatel_vizualizace.png>]
Kapitola 6.
<Figures/Sekvencni_diagram.pdf, id=279, 237.39891pt x 245.84045pt>
File: Figures/Sekvencni_diagram.pdf Graphic file (type pdf)
<use Figures/Sekvencni_diagram.pdf>
Package pdftex.def Info: Figures/Sekvencni_diagram.pdf  used on input line 6.
(pdftex.def)             Requested size: 318.66948pt x 330.03218pt.


pdfTeX warning: pdflatex.exe (file d:/OneDrive - VSB-TUO/VSB/ING/RSsP/Projekt/LaTex-26-11/Figures/use_case_diagram_enviro.pdf): PDF inclusion: found PDF version <1.7>, but at most version <1.5> allowed
<Figures/use_case_diagram_enviro.pdf, id=280, 450.11464pt x 440.77374pt>
File: Figures/use_case_diagram_enviro.pdf Graphic file (type pdf)
<use Figures/use_case_diagram_enviro.pdf>
Package pdftex.def Info: Figures/use_case_diagram_enviro.pdf  used on input line 12.
(pdftex.def)             Requested size: 364.19667pt x 356.64813pt.

Underfull \vbox (badness 10000) has occurred while \output is active []



Package fancyhdr Warning: \headheight is too small (42.67912pt): 
(fancyhdr)                Make it at least 52.80229pt, for example:
(fancyhdr)                \setlength{\headheight}{52.80229pt}.
(fancyhdr)                You might also make \topmargin smaller to compensate:
(fancyhdr)                \addtolength{\topmargin}{-10.12317pt}.

[17

 <d:/OneDrive - VSB-TUO/VSB/ING/RSsP/Projekt/LaTex-26-11/Figures/Sekvencni_diagram.pdf>]) (d:/OneDrive - VSB-TUO/VSB/ING/RSsP/Projekt/LaTex-26-11/Chapters/Zaver.tex

Package fancyhdr Warning: \headheight is too small (42.67912pt): 
(fancyhdr)                Make it at least 52.80229pt, for example:
(fancyhdr)                \setlength{\headheight}{52.80229pt}.
(fancyhdr)                You might also make \topmargin smaller to compensate:
(fancyhdr)                \addtolength{\topmargin}{-10.12317pt}.

[18 <d:/OneDrive - VSB-TUO/VSB/ING/RSsP/Projekt/LaTex-26-11/Figures/use_case_diagram_enviro.pdf>]
Kapitola 7.
)

Package fancyhdr Warning: \headheight is too small (42.67912pt): 
(fancyhdr)                Make it at least 52.80229pt, for example:
(fancyhdr)                \setlength{\headheight}{52.80229pt}.
(fancyhdr)                You might also make \topmargin smaller to compensate:
(fancyhdr)                \addtolength{\topmargin}{-10.12317pt}.

[19

]
LaTeX Font Info:    Trying to load font information for T1+pcr on input line 233.
 (e:/texlive/2021/texmf-dist/tex/latex/psnfss/t1pcr.fd
File: t1pcr.fd 2001/06/04 font definitions for T1/pcr.
)
Overfull \hbox (4.09297pt too wide) in paragraph at lines 233--233
\T1/pcr/m/n/10.95 sick . com / cz / cs / dopravni -[] senzory / pristroje -[] pro -[] mereni -[] viditelnosti /
 []

(d:/OneDrive - VSB-TUO/VSB/ING/RSsP/Projekt/LaTex-26-11/Chapters/Appendix.tex

Package fancyhdr Warning: \headheight is too small (42.67912pt): 
(fancyhdr)                Make it at least 52.80229pt, for example:
(fancyhdr)                \setlength{\headheight}{52.80229pt}.
(fancyhdr)                You might also make \topmargin smaller to compensate:
(fancyhdr)                \addtolength{\topmargin}{-10.12317pt}.

[20

]
Kapitola 8.
File: Figures/Promotic_admin_vizualizace.png Graphic file (type png)
<use Figures/Promotic_admin_vizualizace.png>
Package pdftex.def Info: Figures/Promotic_admin_vizualizace.png  used on input line 5.
(pdftex.def)             Requested size: 672.36873pt x 364.19667pt.

LaTeX Warning: Float too large for page by 7.41202pt on input line 8.

File: Figures/Promotic_uzivatel_vizualizace.png Graphic file (type png)
<use Figures/Promotic_uzivatel_vizualizace.png>
Package pdftex.def Info: Figures/Promotic_uzivatel_vizualizace.png  used on input line 11.
(pdftex.def)             Requested size: 687.17293pt x 364.19667pt.

LaTeX Warning: Float too large for page by 22.21622pt on input line 14.

) 
AED: lastpage setting LastPage

Package fancyhdr Warning: \headheight is too small (42.67912pt): 
(fancyhdr)                Make it at least 52.80229pt, for example:
(fancyhdr)                \setlength{\headheight}{52.80229pt}.
(fancyhdr)                You might also make \topmargin smaller to compensate:
(fancyhdr)                \addtolength{\topmargin}{-10.12317pt}.

[21

]

Package fancyhdr Warning: \headheight is too small (42.67912pt): 
(fancyhdr)                Make it at least 52.80229pt, for example:
(fancyhdr)                \setlength{\headheight}{52.80229pt}.
(fancyhdr)                You might also make \topmargin smaller to compensate:
(fancyhdr)                \addtolength{\topmargin}{-10.12317pt}.

[22]

Package fancyhdr Warning: \headheight is too small (42.67912pt): 
(fancyhdr)                Make it at least 52.80229pt, for example:
(fancyhdr)                \setlength{\headheight}{52.80229pt}.
(fancyhdr)                You might also make \topmargin smaller to compensate:
(fancyhdr)                \addtolength{\topmargin}{-10.12317pt}.

[23] (d:/OneDrive - VSB-TUO/VSB/ING/RSsP/Projekt/LaTex-26-11/Projekt.aux)
Package rerunfilecheck Info: File `Projekt.out' has not changed.
(rerunfilecheck)             Checksum: 983712ABCC029DA517F0DA0231C4937A;3938.
Package logreq Info: Writing requests to 'Projekt.run.xml'.
\openout1 = `Projekt.run.xml'.

 ) 
Here is how much of TeX's memory you used:
 28397 strings out of 478994
 460379 string characters out of 5862208
 1212173 words of memory out of 5000000
 45279 multiletter control sequences out of 15000+600000
 434607 words of font info for 71 fonts, out of 8000000 for 9000
 1141 hyphenation exceptions out of 8191
 111i,11n,116p,1938b,2364s stack positions out of 5000i,500n,10000p,200000b,80000s
{e:/texlive/2021/texmf-dist/fonts/enc/dvips/base/8r.enc}<e:/texlive/2021/texmf-dist/fonts/type1/urw/courier/ucrr8a.pfb><e:/texlive/2021/texmf-dist/fonts/type1/urw/helvetic/uhvb8a.pfb><e:/texlive/2021/texmf-dist/fonts/type1/urw/palatino/uplb8a.pfb><e:/texlive/2021/texmf-dist/fonts/type1/urw/palatino/uplr8a.pfb><e:/texlive/2021/texmf-dist/fonts/type1/urw/palatino/uplri8a.pfb><e:/texlive/2021/texmf-dist/fonts/type1/urw/zapfding/uzdr.pfb>
Output written on "d:/OneDrive - VSB-TUO/VSB/ING/RSsP/Projekt/LaTex-26-11/Projekt.pdf" (24 pages, 4568541 bytes).
PDF statistics:
 405 PDF objects out of 1000 (max. 8388607)
 68 named destinations out of 1000 (max. 500000)
 266 words of extra memory for PDF output out of 10000 (max. 10000000)

